<?xml version="1.0" encoding="UTF-8"?>
<!-- Generated by org.testng.reporters.JUnitReportReporter -->
<testsuite hostname="DESKTOP-HB6VBT5" failures="0" tests="1" name="testng.DataParameterization" time="0.009" errors="0" timestamp="2024-02-24T16:13:38 IST" skipped="0">
  <testcase classname="testng.DataParameterization" name="DataParamers" time="0.009"/>
  <system-out>
    <![CDATA[chrome---admin]]>
  </system-out>
</testsuite> <!-- testng.DataParameterization -->
