<?xml version="1.0" encoding="UTF-8"?>
<!-- Generated by org.testng.reporters.JUnitReportReporter -->
<testsuite hostname="DESKTOP-HB6VBT5" failures="0" tests="1" name="testng.TestngClass" time="0.009" errors="0" timestamp="2023-09-07T22:51:08 IST" skipped="0">
  <testcase classname="testng.TestngClass" name="basic" time="0.009"/>
  <system-out>
    <![CDATA[selenium
Java-selenium]]>
  </system-out>
</testsuite> <!-- testng.TestngClass -->
