<?xml version="1.0" encoding="UTF-8"?>
<!-- Generated by org.testng.reporters.JUnitReportReporter -->
<testsuite hostname="DESKTOP-HB6VBT5" failures="0" tests="1" name="testng.Testcase2" time="5.081" errors="0" timestamp="2024-02-17T14:51:37 IST" skipped="0">
  <testcase classname="testng.Testcase2" name="forgotPwd" time="5.081"/>
  <system-out>
    <![CDATA[https://www.facebook.com/login/identify/?ctx=recover&ars=facebook_login&from_login_screen=0
Forgotten Password | Can't Log In | Facebook]]>
  </system-out>
</testsuite> <!-- testng.Testcase2 -->
