<?xml version="1.0" encoding="UTF-8"?>
<!-- Generated by org.testng.reporters.JUnitReportReporter -->
<testsuite hostname="DESKTOP-HB6VBT5" failures="0" tests="1" name="testng.ParallelClass2" time="0.011" errors="0" timestamp="2024-02-24T16:29:47 IST" skipped="0">
  <testcase classname="testng.ParallelClass2" name="runchrome" time="0.011"/>
  <system-out>
    <![CDATA[Chrome Class2]]>
  </system-out>
</testsuite> <!-- testng.ParallelClass2 -->
