<?xml version="1.0" encoding="UTF-8"?>
<!-- Generated by org.testng.reporters.JUnitReportReporter -->
<testsuite hostname="DESKTOP-HB6VBT5" failures="0" tests="2" name="testng.GroupingExecution" time="0.016" errors="0" timestamp="2024-02-21T22:05:55 IST" skipped="0">
  <testcase classname="testng.GroupingExecution" name="smokegrp" time="0.014"/>
  <system-out>
    <![CDATA[Smoke Group 1]]>
  </system-out>
  <testcase classname="testng.GroupingExecution" name="smokegrp2" time="0.002"/>
  <system-out>
    <![CDATA[Smoke Group 2]]>
  </system-out>
</testsuite> <!-- testng.GroupingExecution -->
