<?xml version="1.0" encoding="UTF-8"?>
<!-- Generated by org.testng.reporters.JUnitReportReporter -->
<testsuite hostname="DESKTOP-HB6VBT5" failures="0" tests="2" name="testng.ParallelExecution" time="30.912" errors="0" timestamp="2024-02-24T13:29:38 IST" skipped="0">
  <testcase classname="testng.ParallelExecution" name="parallel" time="15.693"/>
  <system-out>
    <![CDATA[Facebook – log in or sign up
https://www.facebook.com/]]>
  </system-out>
  <testcase classname="testng.ParallelExecution" name="parallel" time="15.219"/>
  <system-out>
    <![CDATA[Facebook – log in or sign up
https://www.facebook.com/]]>
  </system-out>
</testsuite> <!-- testng.ParallelExecution -->
