<?xml version="1.0" encoding="UTF-8"?>
<!-- Generated by org.testng.reporters.JUnitReportReporter -->
<testsuite hostname="DESKTOP-HB6VBT5" failures="0" tests="1" name="testng.ParallelClass3" time="0.010" errors="0" timestamp="2024-02-24T16:29:47 IST" skipped="0">
  <testcase classname="testng.ParallelClass3" name="runchrome" time="0.010"/>
  <system-out>
    <![CDATA[Chrome Class3]]>
  </system-out>
</testsuite> <!-- testng.ParallelClass3 -->
