<?xml version="1.0" encoding="UTF-8"?>
<!-- Generated by org.testng.reporters.JUnitReportReporter -->
<testsuite hostname="DESKTOP-HB6VBT5" failures="0" tests="7" name="testng.InvocationCount" time="0.014" errors="0" timestamp="2023-10-29T12:36:59 IST" skipped="1">
  <testcase classname="testng.InvocationCount" name="chats" time="0.010"/>
  <system-out>
    <![CDATA[Chats]]>
  </system-out>
  <testcase classname="testng.InvocationCount" name="settings" time="0.002"/>
  <system-out>
    <![CDATA[Setting]]>
  </system-out>
  <testcase classname="testng.InvocationCount" name="settings" time="0.001"/>
  <system-out>
    <![CDATA[Setting]]>
  </system-out>
  <testcase classname="testng.InvocationCount" name="settings" time="0.000"/>
  <system-out>
    <![CDATA[Setting]]>
  </system-out>
  <testcase classname="testng.InvocationCount" name="settings" time="0.001"/>
  <system-out>
    <![CDATA[Setting]]>
  </system-out>
  <testcase classname="testng.InvocationCount" name="settings" time="0.000"/>
  <system-out>
    <![CDATA[Setting]]>
  </system-out>
  <testcase classname="testng.InvocationCount" name="call">
    <skipped/>
  </testcase> <!-- call -->
  <system-out/>
</testsuite> <!-- testng.InvocationCount -->
