<?xml version="1.0" encoding="UTF-8"?>
<!-- Generated by org.testng.reporters.JUnitReportReporter -->
<testsuite hostname="DESKTOP-HB6VBT5" failures="0" tests="1" name="testng.Testcase3" time="5.839" errors="0" timestamp="2024-02-17T14:51:37 IST" skipped="0">
  <testcase classname="testng.Testcase3" name="Createpage" time="5.839"/>
  <system-out>
    <![CDATA[https://www.facebook.com/login/?next=https%3A%2F%2Fwww.facebook.com%2Fpages%2Fcreate%2F%3Fref_type%3Dregistration_form
Log in to Facebook]]>
  </system-out>
</testsuite> <!-- testng.Testcase3 -->
