<?xml version="1.0" encoding="UTF-8"?>
<!-- Generated by org.testng.reporters.JUnitReportReporter -->
<testsuite hostname="DESKTOP-HB6VBT5" failures="0" tests="3" name="testng.dataprovidertestNG" time="29.556" errors="0" timestamp="2023-11-04T22:53:22 IST" skipped="0">
  <testcase classname="testng.dataprovidertestNG" name="login" time="12.128"/>
  <system-out/>
  <testcase classname="testng.dataprovidertestNG" name="login" time="8.761"/>
  <system-out/>
  <testcase classname="testng.dataprovidertestNG" name="login" time="8.667"/>
  <system-out/>
</testsuite> <!-- testng.dataprovidertestNG -->
