<?xml version="1.0" encoding="UTF-8"?>
<!-- Generated by org.testng.reporters.JUnitReportReporter -->
<testsuite hostname="DESKTOP-HB6VBT5" failures="0" tests="3" name="testng.Priority" time="0.015" errors="0" timestamp="2024-02-24T16:40:30 IST" skipped="0">
  <testcase classname="testng.Priority" name="chats" time="0.013"/>
  <system-out>
    <![CDATA[Chats]]>
  </system-out>
  <testcase classname="testng.Priority" name="settings" time="0.001"/>
  <system-out>
    <![CDATA[Setting]]>
  </system-out>
  <testcase classname="testng.Priority" name="tall" time="0.001"/>
  <system-out>
    <![CDATA[Calls]]>
  </system-out>
</testsuite> <!-- testng.Priority -->
