<?xml version="1.0" encoding="UTF-8"?>
<!-- Generated by org.testng.reporters.JUnitReportReporter -->
<testsuite hostname="DESKTOP-HB6VBT5" failures="0" tests="3" name="testng.DataProvider" time="33.222" errors="0" timestamp="2024-02-21T22:36:02 IST" skipped="0">
  <testcase classname="testng.DataProvider" name="login" time="16.762"/>
  <system-out/>
  <testcase classname="testng.DataProvider" name="login" time="8.113"/>
  <system-out/>
  <testcase classname="testng.DataProvider" name="login" time="8.347"/>
  <system-out/>
</testsuite> <!-- testng.DataProvider -->
